<?xml version="1.0" encoding="UTF-8"?>
<testsuite xmlns:xsi="http://www.w3.org/2001/XMLSchema-instance" xsi:noNamespaceSchemaLocation="https://maven.apache.org/surefire/maven-surefire-plugin/xsd/surefire-test-report.xsd" name="zenika.obs.api.failure.ObsRemoteFailureTest" time="1.476" tests="4" errors="4" skipped="0" failures="0">
  <properties>
[...]
</properties>
  <testcase name="testStartRecordingFailure" classname="zenika.obs.api.failure.ObsRemoteFailureTest" time="1.384">
    <error message="Connexion refusée (Connection refused)" type="java.net.ConnectException">java.net.ConnectException: Connexion refusée (Connection refused)
	at zenika.obs.api.failure.ObsRemoteFailureTest.testStartRecordingFailure(ObsRemoteFailureTest.java:24)
</error>
  </testcase>
  <testcase name="testCloseConnectionEndpointFailure" classname="zenika.obs.api.failure.ObsRemoteFailureTest" time="0.038">
    <error message="Connexion refusée (Connection refused)" type="java.net.ConnectException">java.net.ConnectException: Connexion refusée (Connection refused)
	at zenika.obs.api.failure.ObsRemoteFailureTest.testCloseConnectionEndpointFailure(ObsRemoteFailureTest.java:42)
</error>
  </testcase>
  <testcase name="testOpenConnectionEndpointFailure" classname="zenika.obs.api.failure.ObsRemoteFailureTest" time="0.022">
    <error message="Connexion refusée (Connection refused)" type="java.net.ConnectException">java.net.ConnectException: Connexion refusée (Connection refused)
	at zenika.obs.api.failure.ObsRemoteFailureTest.testOpenConnectionEndpointFailure(ObsRemoteFailureTest.java:15)
</error>
  </testcase>
  <testcase name="testStopRecordingFailure" classname="zenika.obs.api.failure.ObsRemoteFailureTest" time="0.022">
    <error message="Connexion refusée (Connection refused)" type="java.net.ConnectException">java.net.ConnectException: Connexion refusée (Connection refused)
	at zenika.obs.api.failure.ObsRemoteFailureTest.testStopRecordingFailure(ObsRemoteFailureTest.java:33)
</error>
  </testcase>
</testsuite>